  HandleInherit.cpp
e:\visual studio\priya\ncrwork\windowinternal\handleinherit\handleinherit.cpp(15): error C2664: 'HANDLE CreateFileW(LPCWSTR,DWORD,DWORD,LPSECURITY_ATTRIBUTES,DWORD,DWORD,HANDLE)': cannot convert argument 1 from 'LPCSTR' to 'LPCWSTR'
  e:\visual studio\priya\ncrwork\windowinternal\handleinherit\handleinherit.cpp(15): note: Types pointed to are unrelated; conversion requires reinterpret_cast, C-style cast or function-style cast
e:\visual studio\priya\ncrwork\windowinternal\handleinherit\handleinherit.cpp(22): warning C4477: 'wprintf' : format string '%s' requires an argument of type 'wchar_t *', but variadic argument 1 has type 'LPCSTR'
  e:\visual studio\priya\ncrwork\windowinternal\handleinherit\handleinherit.cpp(22): note: consider using '%hs' in the format string
  e:\visual studio\priya\ncrwork\windowinternal\handleinherit\handleinherit.cpp(22): note: consider using '%Ts' in the format string
  e:\visual studio\priya\ncrwork\windowinternal\handleinherit\handleinherit.cpp(22): note: this warning is based on non-standard semantics used by Visual C++
e:\visual studio\priya\ncrwork\windowinternal\handleinherit\handleinherit.cpp(34): warning C4477: 'sprintf' : format string '%d' requires an argument of type 'int', but variadic argument 1 has type 'HANDLE'
e:\visual studio\priya\ncrwork\windowinternal\handleinherit\handleinherit.cpp(36): warning C4477: 'printf' : format string '%d' requires an argument of type 'int', but variadic argument 1 has type 'HANDLE'
e:\visual studio\priya\ncrwork\windowinternal\handleinherit\handleinherit.cpp(54): error C2664: 'BOOL CreateProcessW(LPCWSTR,LPWSTR,LPSECURITY_ATTRIBUTES,LPSECURITY_ATTRIBUTES,BOOL,DWORD,LPVOID,LPCWSTR,LPSTARTUPINFOW,LPPROCESS_INFORMATION)': cannot convert argument 2 from 'LPSTR' to 'LPWSTR'
  e:\visual studio\priya\ncrwork\windowinternal\handleinherit\handleinherit.cpp(65): note: Types pointed to are unrelated; conversion requires reinterpret_cast, C-style cast or function-style cast
e:\visual studio\priya\ncrwork\windowinternal\handleinherit\handleinherit.cpp(71): warning C4477: 'printf' : format string '%ld' requires an argument of type 'long', but variadic argument 1 has type 'HANDLE'
e:\visual studio\priya\ncrwork\windowinternal\handleinherit\handleinherit.cpp(73): warning C4477: 'printf' : format string '%ld' requires an argument of type 'long', but variadic argument 1 has type 'HANDLE'
e:\visual studio\priya\ncrwork\windowinternal\handleinherit\handleinherit.cpp(34): error C4996: 'sprintf': This function or variable may be unsafe. Consider using sprintf_s instead. To disable deprecation, use _CRT_SECURE_NO_WARNINGS. See online help for details.
  c:\program files (x86)\windows kits\10\include\10.0.17763.0\ucrt\stdio.h(1774): note: see declaration of 'sprintf'
e:\visual studio\priya\ncrwork\windowinternal\handleinherit\handleinherit.cpp(50): error C4996: 'strcpy': This function or variable may be unsafe. Consider using strcpy_s instead. To disable deprecation, use _CRT_SECURE_NO_WARNINGS. See online help for details.
  c:\program files (x86)\windows kits\10\include\10.0.17763.0\ucrt\string.h(133): note: see declaration of 'strcpy'
  HI.cpp
e:\visual studio\priya\ncrwork\windowinternal\handleinherit\hi.cpp(15): warning C4477: 'printf' : format string '%d' requires an argument of type 'int', but variadic argument 1 has type 'CHAR *'
e:\visual studio\priya\ncrwork\windowinternal\handleinherit\hi.cpp(16): warning C4477: 'printf' : format string '%d' requires an argument of type 'int', but variadic argument 1 has type 'HANDLE'
e:\visual studio\priya\ncrwork\windowinternal\handleinherit\hi.cpp(11): warning C4101: 'nbr': unreferenced local variable
  Generating Code...
